2025-05-16 10:28:40.214 +05:30 [INF] API GET /Bookings/admin - Status: 200 - Duration: 1087ms
2025-05-16 10:28:56.041 +05:30 [INF] API GET /api-stats - Status: 200 - Duration: 37ms
2025-05-16 10:31:25.259 +05:30 [INF] API GET /Movies - Status: 200 - Duration: 1217ms
2025-05-16 10:31:39.470 +05:30 [INF] API GET /api-stats - Status: 200 - Duration: 50ms
2025-05-16 10:36:49.290 +05:30 [INF] API GET /Movies/1 - Status: 200 - Duration: 282ms
2025-05-16 10:37:05.415 +05:30 [INF] API GET /api-stats - Status: 200 - Duration: 1ms
2025-05-16 10:50:12.213 +05:30 [INF] API GET /Bookings/1 - Status: 200 - Duration: 1112ms
2025-05-16 10:50:30.700 +05:30 [INF] API GET /Bookings/100 - Status: 200 - Duration: 130ms
2025-05-16 10:52:25.281 +05:30 [INF] API GET /api-stats - Status: 200 - Duration: 32ms
2025-05-16 10:55:15.409 +05:30 [INF] API GET /Users - Status: 200 - Duration: 126ms
2025-05-16 10:55:15.421 +05:30 [INF] API GET /Movies - Status: 200 - Duration: 60ms
2025-05-16 10:55:21.127 +05:30 [INF] API GET /Users - Status: 200 - Duration: 10ms
2025-05-16 10:55:24.298 +05:30 [INF] API GET /Bookings/admin - Status: 200 - Duration: 68ms
2025-05-16 10:56:13.025 +05:30 [INF] API GET /api-stats - Status: 200 - Duration: 0ms
2025-05-16 10:57:07.416 +05:30 [INF] API GET /Users - Status: 200 - Duration: 8ms
2025-05-16 10:57:08.202 +05:30 [INF] API GET /Movies - Status: 200 - Duration: 16ms
2025-05-16 10:57:08.711 +05:30 [INF] API GET /Users - Status: 200 - Duration: 6ms
2025-05-16 10:57:09.560 +05:30 [INF] API GET /Bookings/admin - Status: 200 - Duration: 25ms
2025-05-16 10:57:16.649 +05:30 [INF] API GET /Movies - Status: 200 - Duration: 9ms
2025-05-16 10:57:17.302 +05:30 [INF] API GET /Users - Status: 200 - Duration: 12ms
2025-05-16 10:57:20.735 +05:30 [INF] API GET /Movies - Status: 200 - Duration: 8ms
2025-05-16 10:57:25.013 +05:30 [INF] API GET /Users - Status: 200 - Duration: 8ms
2025-05-16 10:57:31.762 +05:30 [INF] API GET /api-stats - Status: 200 - Duration: 0ms
2025-05-16 11:08:30.707 +05:30 [INF] API POST /Users/register - Status: 400 - Duration: 609ms
2025-05-16 11:08:41.760 +05:30 [INF] API GET /api-stats - Status: 200 - Duration: 36ms
2025-05-16 12:42:18.151 +05:30 [INF] API GET /Movies - Status: 200 - Duration: 1677ms
2025-05-16 12:42:37.360 +05:30 [INF] API GET /Movies - Status: 200 - Duration: 214ms
2025-05-16 12:42:39.654 +05:30 [INF] API GET /Movies - Status: 200 - Duration: 50ms
2025-05-16 12:42:48.372 +05:30 [INF] API GET /Users - Status: 200 - Duration: 161ms
2025-05-16 12:42:55.390 +05:30 [INF] API GET /Users - Status: 200 - Duration: 66ms
2025-05-16 12:42:55.470 +05:30 [INF] API GET /Movies - Status: 200 - Duration: 16ms
2025-05-16 12:43:31.083 +05:30 [INF] API GET /Users - Status: 200 - Duration: 10ms
2025-05-16 12:43:33.799 +05:30 [INF] API GET /Bookings/admin - Status: 200 - Duration: 481ms
2025-05-16 14:44:56.999 +05:30 [INF] API GET /Bookings/admin - Status: 200 - Duration: 218ms
2025-05-16 15:38:11.489 +05:30 [INF] API GET /Shows - Status: 200 - Duration: 1250ms
2025-05-16 15:40:24.469 +05:30 [INF] API POST /Users/login - Status: 200 - Duration: 649ms
2025-05-16 15:44:17.353 +05:30 [INF] API POST /Users/login - Status: 200 - Duration: 1328ms
2025-05-16 15:45:07.295 +05:30 [INF] API POST /Users/login - Status: 200 - Duration: 956ms
2025-05-16 15:45:43.198 +05:30 [INF] API POST /Users/login - Status: 200 - Duration: 382ms
