2025-05-18 10:59:51.975 +05:30 [INF] API POST /Users/login - Status: 200 - Duration: 1707ms
2025-05-18 11:00:21.452 +05:30 [INF] API GET /Users - Status: 403 - Duration: 77ms
2025-05-18 11:06:11.263 +05:30 [INF] API POST /Users/login - Status: 200 - Duration: 1608ms
2025-05-18 11:06:36.082 +05:30 [INF] API GET /Users - Status: 200 - Duration: 306ms
2025-05-18 11:07:32.695 +05:30 [INF] API POST /Users/login - Status: 200 - Duration: 41ms
2025-05-18 11:08:01.306 +05:30 [INF] API GET /Users - Status: 403 - Duration: 13ms
2025-05-18 11:15:39.744 +05:30 [INF] API POST /Users/login - Status: 200 - Duration: 1600ms
2025-05-18 11:16:04.958 +05:30 [INF] API GET /Users - Status: 403 - Duration: 71ms
2025-05-18 11:22:14.057 +05:30 [INF] API POST /Users/login - Status: 200 - Duration: 1550ms
2025-05-18 11:22:43.786 +05:30 [INF] API GET /Users - Status: 403 - Duration: 64ms
2025-05-18 11:28:43.005 +05:30 [INF] API POST /Users/login - Status: 200 - Duration: 767ms
2025-05-18 11:29:09.541 +05:30 [INF] API GET /Users - Status: 200 - Duration: 185ms
2025-05-18 11:31:10.819 +05:30 [INF] API GET /Movies - Status: 200 - Duration: 119ms
2025-05-18 11:31:15.237 +05:30 [INF] API GET /Users - Status: 401 - Duration: 64ms
2025-05-18 11:32:06.884 +05:30 [INF] API POST /Users/register - Status: 201 - Duration: 413ms
2025-05-18 11:32:08.412 +05:30 [INF] API GET /Users - Status: 401 - Duration: 0ms
2025-05-18 11:32:26.258 +05:30 [INF] API POST /Users/login - Status: 200 - Duration: 13ms
2025-05-18 11:32:43.738 +05:30 [INF] API GET /Users - Status: 200 - Duration: 10ms
2025-05-18 11:33:04.490 +05:30 [INF] API POST /Users/login - Status: 200 - Duration: 15ms
2025-05-18 11:33:26.837 +05:30 [INF] API GET /Users - Status: 403 - Duration: 2ms
2025-05-18 11:34:18.545 +05:30 [INF] API POST /Users/login - Status: 200 - Duration: 16ms
2025-05-18 11:34:34.133 +05:30 [INF] API GET /Users - Status: 401 - Duration: 0ms
2025-05-18 11:34:35.954 +05:30 [INF] API GET /Movies - Status: 200 - Duration: 9ms
2025-05-18 11:35:47.629 +05:30 [INF] API POST /Movies/with-shows - Status: 400 - Duration: 85ms
2025-05-18 11:35:58.749 +05:30 [INF] API POST /Movies/with-shows - Status: 201 - Duration: 244ms
2025-05-18 11:35:58.765 +05:30 [INF] API GET /Movies - Status: 200 - Duration: 11ms
2025-05-18 11:36:05.568 +05:30 [INF] API GET /Movies - Status: 200 - Duration: 16ms
2025-05-18 11:36:18.216 +05:30 [INF] API GET /Movies - Status: 200 - Duration: 19ms
2025-05-18 11:36:22.508 +05:30 [INF] API GET /Users - Status: 401 - Duration: 0ms
2025-05-18 11:37:28.860 +05:30 [INF] API POST /Users/register - Status: 201 - Duration: 37ms
2025-05-18 11:37:50.992 +05:30 [INF] API POST /Users/login - Status: 200 - Duration: 10ms
2025-05-18 11:47:56.501 +05:30 [INF] API POST /Users/login - Status: 200 - Duration: 1471ms
2025-05-18 11:48:47.947 +05:30 [INF] API POST /Bookings - Status: 201 - Duration: 1741ms
2025-05-18 11:49:12.905 +05:30 [INF] API GET /Bookings/admin - Status: 403 - Duration: 13ms
2025-05-18 11:49:42.685 +05:30 [INF] API POST /Users/login - Status: 200 - Duration: 60ms
2025-05-18 11:50:04.927 +05:30 [INF] API GET /Bookings/admin - Status: 200 - Duration: 174ms
2025-05-18 12:20:19.214 +05:30 [INF] API GET /Movies - Status: 200 - Duration: 1690ms
2025-05-18 12:20:26.640 +05:30 [INF] API GET /Users - Status: 401 - Duration: 21ms
2025-05-18 12:20:39.514 +05:30 [INF] API POST /Users/login - Status: 200 - Duration: 676ms
2025-05-18 12:20:50.240 +05:30 [INF] API POST /Users/login - Status: 200 - Duration: 118ms
2025-05-18 12:22:17.005 +05:30 [INF] API GET /Users - Status: 401 - Duration: 1ms
2025-05-18 12:22:51.512 +05:30 [INF] API GET /Users - Status: 401 - Duration: 0ms
2025-05-18 12:23:08.304 +05:30 [INF] API POST /Users/login - Status: 200 - Duration: 30ms
2025-05-18 12:24:14.668 +05:30 [INF] API GET /Users - Status: 401 - Duration: 0ms
2025-05-18 12:24:28.784 +05:30 [INF] API GET /Users - Status: 401 - Duration: 0ms
2025-05-18 12:24:30.911 +05:30 [INF] API GET /Movies - Status: 200 - Duration: 45ms
2025-05-18 12:25:58.942 +05:30 [INF] API GET /Movies - Status: 200 - Duration: 12ms
2025-05-18 12:26:00.510 +05:30 [INF] API GET /Movies - Status: 200 - Duration: 18ms
2025-05-18 12:26:04.749 +05:30 [INF] API GET /Users - Status: 401 - Duration: 0ms
2025-05-18 12:26:57.014 +05:30 [INF] API POST /Users/login - Status: 200 - Duration: 12ms
2025-05-18 12:28:06.376 +05:30 [INF] API GET /Users - Status: 401 - Duration: 0ms
2025-05-18 12:28:10.610 +05:30 [INF] API GET /Users - Status: 401 - Duration: 1ms
2025-05-18 12:28:24.814 +05:30 [INF] API POST /Users/login - Status: 200 - Duration: 17ms
2025-05-18 12:29:16.937 +05:30 [INF] API POST /Users/login - Status: 200 - Duration: 27ms
2025-05-18 12:31:15.740 +05:30 [INF] API POST /Users/login - Status: 200 - Duration: 23ms
2025-05-18 12:35:21.082 +05:30 [INF] API GET /Users - Status: 401 - Duration: 0ms
2025-05-18 12:35:58.023 +05:30 [INF] API POST /Users/login - Status: 200 - Duration: 14ms
2025-05-18 12:35:59.877 +05:30 [INF] API POST /Users/login - Status: 200 - Duration: 27ms
2025-05-18 12:36:02.046 +05:30 [INF] API POST /Users/login - Status: 200 - Duration: 28ms
2025-05-18 12:36:02.745 +05:30 [INF] API POST /Users/login - Status: 200 - Duration: 18ms
2025-05-18 12:36:02.879 +05:30 [INF] API POST /Users/login - Status: 200 - Duration: 9ms
2025-05-18 12:36:03.045 +05:30 [INF] API POST /Users/login - Status: 200 - Duration: 5ms
2025-05-18 12:36:03.202 +05:30 [INF] API POST /Users/login - Status: 200 - Duration: 5ms
2025-05-18 12:36:03.382 +05:30 [INF] API POST /Users/login - Status: 200 - Duration: 12ms
2025-05-18 12:36:03.540 +05:30 [INF] API POST /Users/login - Status: 200 - Duration: 14ms
2025-05-18 12:36:03.661 +05:30 [INF] API POST /Users/login - Status: 200 - Duration: 5ms
2025-05-18 12:36:03.865 +05:30 [INF] API POST /Users/login - Status: 200 - Duration: 18ms
2025-05-18 12:36:04.008 +05:30 [INF] API POST /Users/login - Status: 200 - Duration: 5ms
2025-05-18 12:36:04.135 +05:30 [INF] API POST /Users/login - Status: 200 - Duration: 5ms
2025-05-18 12:36:04.392 +05:30 [INF] API POST /Users/login - Status: 200 - Duration: 16ms
2025-05-18 12:36:13.034 +05:30 [INF] API GET /Users - Status: 401 - Duration: 0ms
2025-05-18 12:36:22.785 +05:30 [INF] API POST /Users/login - Status: 200 - Duration: 11ms
2025-05-18 12:45:32.600 +05:30 [INF] API GET /Users - Status: 401 - Duration: 0ms
2025-05-18 12:48:08.341 +05:30 [INF] API GET /Users - Status: 401 - Duration: 0ms
2025-05-18 12:48:20.981 +05:30 [INF] API POST /Users/login - Status: 200 - Duration: 18ms
2025-05-18 12:49:33.517 +05:30 [INF] API GET /Users - Status: 401 - Duration: 0ms
2025-05-18 12:49:40.717 +05:30 [INF] API GET /Users - Status: 401 - Duration: 0ms
2025-05-18 12:49:47.034 +05:30 [INF] API POST /Users/login - Status: 200 - Duration: 15ms
2025-05-18 12:50:12.198 +05:30 [INF] API GET /Users - Status: 401 - Duration: 0ms
2025-05-18 12:50:38.515 +05:30 [INF] API GET /Users - Status: 401 - Duration: 0ms
2025-05-18 12:50:51.552 +05:30 [INF] API POST /Users/login - Status: 200 - Duration: 20ms
2025-05-18 12:52:21.583 +05:30 [INF] API GET /Users - Status: 401 - Duration: 1ms
2025-05-18 12:53:39.454 +05:30 [INF] API GET /Users - Status: 401 - Duration: 1ms
2025-05-18 12:53:54.428 +05:30 [INF] API POST /Users/login - Status: 200 - Duration: 8ms
2025-05-18 12:55:04.607 +05:30 [INF] API GET /Users - Status: 401 - Duration: 0ms
2025-05-18 12:58:17.550 +05:30 [INF] API GET /Users - Status: 401 - Duration: 0ms
2025-05-18 12:58:48.827 +05:30 [INF] API POST /Users/login - Status: 200 - Duration: 39ms
2025-05-18 13:02:39.084 +05:30 [INF] API GET /Users - Status: 401 - Duration: 1ms
2025-05-18 13:02:44.401 +05:30 [INF] API GET /Users - Status: 401 - Duration: 0ms
2025-05-18 13:02:50.518 +05:30 [INF] API GET /Users - Status: 401 - Duration: 0ms
2025-05-18 13:03:02.734 +05:30 [INF] API POST /Users/login - Status: 200 - Duration: 18ms
2025-05-18 13:03:04.174 +05:30 [INF] API GET /Users - Status: 401 - Duration: 0ms
2025-05-18 13:03:04.230 +05:30 [INF] API GET /Movies - Status: 200 - Duration: 8ms
2025-05-18 13:03:07.619 +05:30 [INF] API GET /Movies - Status: 200 - Duration: 10ms
2025-05-18 13:03:10.633 +05:30 [INF] API GET /Users - Status: 401 - Duration: 0ms
2025-05-18 13:03:20.912 +05:30 [INF] API POST /Users/login - Status: 200 - Duration: 11ms
2025-05-18 13:03:22.161 +05:30 [INF] API GET /Movies - Status: 200 - Duration: 44ms
2025-05-18 13:04:49.270 +05:30 [INF] API GET /Movies - Status: 200 - Duration: 85ms
2025-05-18 13:04:58.472 +05:30 [INF] API GET /Movies - Status: 200 - Duration: 362ms
2025-05-18 13:05:07.983 +05:30 [INF] API GET /Users - Status: 401 - Duration: 0ms
2025-05-18 13:05:18.271 +05:30 [INF] API POST /Users/login - Status: 200 - Duration: 18ms
2025-05-18 13:05:21.995 +05:30 [INF] API GET /Movies - Status: 200 - Duration: 47ms
2025-05-18 13:06:43.103 +05:30 [INF] API GET /Movies - Status: 200 - Duration: 5ms
2025-05-18 13:06:47.073 +05:30 [INF] API GET /Movies - Status: 200 - Duration: 4ms
2025-05-18 13:07:35.937 +05:30 [INF] API GET /Movies - Status: 200 - Duration: 6ms
2025-05-18 13:07:39.967 +05:30 [INF] API GET /Movies - Status: 200 - Duration: 4ms
2025-05-18 13:07:55.932 +05:30 [INF] API GET /Users - Status: 401 - Duration: 0ms
2025-05-18 13:08:02.360 +05:30 [INF] API POST /Users/login - Status: 200 - Duration: 8ms
2025-05-18 13:09:00.796 +05:30 [INF] API GET /Users - Status: 200 - Duration: 271ms
2025-05-18 13:09:02.928 +05:30 [INF] API GET /Users - Status: 200 - Duration: 419ms
2025-05-18 13:09:13.947 +05:30 [INF] API POST /Users/login - Status: 200 - Duration: 8ms
2025-05-18 13:09:16.486 +05:30 [INF] API GET /Movies - Status: 200 - Duration: 27ms
2025-05-18 13:09:37.992 +05:30 [INF] API GET /Movies - Status: 200 - Duration: 32ms
2025-05-18 13:09:42.722 +05:30 [INF] API GET /Movies - Status: 200 - Duration: 7ms
2025-05-18 13:09:47.253 +05:30 [INF] API GET /Users - Status: 401 - Duration: 0ms
2025-05-18 13:09:55.453 +05:30 [INF] API POST /Users/login - Status: 200 - Duration: 7ms
2025-05-18 13:09:56.856 +05:30 [INF] API GET /Movies - Status: 200 - Duration: 38ms
2025-05-18 13:10:48.445 +05:30 [INF] API GET /Users - Status: 401 - Duration: 0ms
2025-05-18 13:10:55.329 +05:30 [INF] API POST /Users/login - Status: 200 - Duration: 9ms
2025-05-18 13:10:55.535 +05:30 [INF] API GET /Movies - Status: 200 - Duration: 17ms
2025-05-18 13:11:24.679 +05:30 [INF] API GET /Users - Status: 401 - Duration: 1ms
2025-05-18 13:11:32.067 +05:30 [INF] API POST /Users/login - Status: 200 - Duration: 10ms
2025-05-18 13:11:38.100 +05:30 [INF] API POST /Users/login - Status: 200 - Duration: 34ms
2025-05-18 13:11:39.934 +05:30 [INF] API GET /Movies - Status: 200 - Duration: 22ms
2025-05-18 13:12:58.075 +05:30 [INF] API GET /Movies - Status: 200 - Duration: 37ms
2025-05-18 13:13:00.555 +05:30 [INF] API GET /Movies - Status: 200 - Duration: 10ms
2025-05-18 13:13:02.987 +05:30 [INF] API GET /Users - Status: 401 - Duration: 0ms
2025-05-18 13:13:09.102 +05:30 [INF] API POST /Users/login - Status: 200 - Duration: 97ms
2025-05-18 13:13:10.062 +05:30 [INF] API GET /Movies - Status: 200 - Duration: 26ms
2025-05-18 13:13:20.648 +05:30 [INF] API GET /Movies - Status: 200 - Duration: 4ms
2025-05-18 13:13:26.025 +05:30 [INF] API GET /Movies - Status: 200 - Duration: 9ms
2025-05-18 13:13:27.054 +05:30 [INF] API GET /Users - Status: 401 - Duration: 0ms
2025-05-18 13:13:34.591 +05:30 [INF] API POST /Users/login - Status: 200 - Duration: 6ms
2025-05-18 13:13:35.475 +05:30 [INF] API GET /Movies - Status: 200 - Duration: 13ms
2025-05-18 13:13:40.669 +05:30 [INF] API GET /Users - Status: 401 - Duration: 6ms
2025-05-18 13:13:48.729 +05:30 [INF] API POST /Users/login - Status: 200 - Duration: 7ms
2025-05-18 13:13:49.336 +05:30 [INF] API GET /Movies - Status: 200 - Duration: 29ms
2025-05-18 13:13:52.823 +05:30 [INF] API GET /Movies - Status: 200 - Duration: 5ms
2025-05-18 13:13:55.998 +05:30 [INF] API GET /Movies/100 - Status: 200 - Duration: 93ms
2025-05-18 13:13:56.198 +05:30 [INF] API GET /Shows/movie/100 - Status: 200 - Duration: 187ms
2025-05-18 13:14:02.803 +05:30 [INF] API POST /Bookings - Status: 201 - Duration: 616ms
2025-05-18 13:14:04.334 +05:30 [INF] API GET /Bookings/user/undefined - Status: 400 - Duration: 54ms
2025-05-18 13:16:13.890 +05:30 [INF] API GET /Bookings/user/undefined - Status: 400 - Duration: 2ms
2025-05-18 13:16:22.916 +05:30 [INF] API GET /Bookings/user/undefined - Status: 400 - Duration: 1ms
2025-05-18 13:16:28.596 +05:30 [INF] API GET /Bookings/user/undefined - Status: 400 - Duration: 4ms
2025-05-18 13:16:41.650 +05:30 [INF] API GET /Movies - Status: 200 - Duration: 14ms
2025-05-18 13:16:43.136 +05:30 [INF] API GET /Movies/100 - Status: 200 - Duration: 21ms
2025-05-18 13:16:43.177 +05:30 [INF] API GET /Shows/movie/100 - Status: 200 - Duration: 28ms
2025-05-18 13:16:51.480 +05:30 [INF] API POST /Bookings - Status: 201 - Duration: 54ms
2025-05-18 13:16:52.694 +05:30 [INF] API GET /Bookings/user/undefined - Status: 400 - Duration: 8ms
2025-05-18 13:18:07.745 +05:30 [INF] API GET /Bookings/user/102 - Status: 200 - Duration: 117ms
2025-05-18 13:19:30.153 +05:30 [INF] API GET /Bookings/user/102 - Status: 200 - Duration: 16ms
2025-05-18 13:19:36.570 +05:30 [INF] API GET /Movies - Status: 200 - Duration: 8ms
2025-05-18 13:19:41.695 +05:30 [INF] API GET /Movies - Status: 200 - Duration: 3ms
2025-05-18 13:19:44.998 +05:30 [INF] API GET /Users - Status: 401 - Duration: 0ms
2025-05-18 13:19:51.055 +05:30 [INF] API POST /Users/login - Status: 200 - Duration: 8ms
2025-05-18 13:19:51.984 +05:30 [INF] API GET /Movies - Status: 200 - Duration: 4ms
2025-05-18 13:19:56.480 +05:30 [INF] API GET /Movies - Status: 200 - Duration: 14ms
2025-05-18 13:20:27.852 +05:30 [INF] API GET /Movies - Status: 200 - Duration: 7ms
2025-05-18 13:21:33.859 +05:30 [INF] API GET /Movies - Status: 200 - Duration: 7ms
2025-05-18 13:22:10.695 +05:30 [INF] API GET /Movies - Status: 200 - Duration: 13ms
2025-05-18 13:24:08.488 +05:30 [INF] API GET /Movies - Status: 200 - Duration: 17ms
2025-05-18 13:24:15.894 +05:30 [INF] API GET /Movies - Status: 200 - Duration: 5ms
2025-05-18 13:24:18.698 +05:30 [INF] API GET /Movies - Status: 200 - Duration: 3ms
2025-05-18 13:24:21.147 +05:30 [INF] API GET /Movies - Status: 200 - Duration: 5ms
2025-05-18 13:24:24.927 +05:30 [INF] API GET /Movies - Status: 200 - Duration: 6ms
2025-05-18 13:24:42.732 +05:30 [INF] API GET /Movies - Status: 200 - Duration: 5ms
2025-05-18 13:24:57.817 +05:30 [INF] API GET /Users - Status: 401 - Duration: 0ms
2025-05-18 13:25:03.033 +05:30 [INF] API POST /Users/login - Status: 200 - Duration: 8ms
2025-05-18 13:25:03.226 +05:30 [INF] API POST /Users/login - Status: 200 - Duration: 4ms
2025-05-18 13:25:09.601 +05:30 [INF] API POST /Users/login - Status: 200 - Duration: 17ms
2025-05-18 13:25:11.200 +05:30 [INF] API GET /Movies - Status: 200 - Duration: 22ms
2025-05-18 13:25:15.219 +05:30 [INF] API GET /Movies - Status: 200 - Duration: 8ms
2025-05-18 13:26:16.195 +05:30 [INF] API GET /Movies - Status: 200 - Duration: 9ms
2025-05-18 13:27:00.202 +05:30 [INF] API GET /Movies - Status: 200 - Duration: 6ms
2025-05-18 13:27:13.676 +05:30 [INF] API GET /Users - Status: 401 - Duration: 0ms
2025-05-18 13:27:20.259 +05:30 [INF] API POST /Users/login - Status: 200 - Duration: 11ms
2025-05-18 13:27:21.275 +05:30 [INF] API GET /Movies - Status: 200 - Duration: 11ms
2025-05-18 13:27:40.934 +05:30 [INF] API GET /Movies - Status: 200 - Duration: 17ms
2025-05-18 13:27:45.577 +05:30 [INF] API GET /Movies - Status: 200 - Duration: 38ms
2025-05-18 13:27:48.066 +05:30 [INF] API GET /Users - Status: 401 - Duration: 0ms
2025-05-18 13:27:54.559 +05:30 [INF] API POST /Users/login - Status: 200 - Duration: 9ms
2025-05-18 13:27:55.402 +05:30 [INF] API GET /Movies - Status: 200 - Duration: 16ms
2025-05-18 13:28:09.290 +05:30 [INF] API GET /Movies - Status: 200 - Duration: 49ms
2025-05-18 13:33:23.861 +05:30 [INF] API GET /Movies - Status: 200 - Duration: 17ms
2025-05-18 13:34:12.554 +05:30 [INF] API GET /Movies - Status: 200 - Duration: 7ms
2025-05-18 13:34:44.418 +05:30 [INF] API GET /Users - Status: 401 - Duration: 0ms
2025-05-18 13:34:46.593 +05:30 [INF] API GET /Movies - Status: 200 - Duration: 24ms
2025-05-18 13:34:48.024 +05:30 [INF] API GET /Movies - Status: 200 - Duration: 5ms
2025-05-18 13:34:49.927 +05:30 [INF] API GET /Users - Status: 401 - Duration: 0ms
2025-05-18 13:34:56.370 +05:30 [INF] API POST /Users/login - Status: 200 - Duration: 6ms
2025-05-18 13:34:56.896 +05:30 [INF] API GET /Movies - Status: 200 - Duration: 36ms
2025-05-18 13:38:23.924 +05:30 [INF] API GET /Movies - Status: 200 - Duration: 6ms
2025-05-18 13:38:36.765 +05:30 [INF] API GET /Movies - Status: 200 - Duration: 2ms
2025-05-18 13:38:41.665 +05:30 [INF] API GET /Movies - Status: 200 - Duration: 3ms
2025-05-18 13:39:02.049 +05:30 [INF] API GET /Movies - Status: 200 - Duration: 7ms
2025-05-18 13:39:05.460 +05:30 [INF] API GET /Movies - Status: 200 - Duration: 4ms
2025-05-18 13:39:07.399 +05:30 [INF] API GET /Users - Status: 401 - Duration: 0ms
2025-05-18 13:39:13.245 +05:30 [INF] API POST /Users/login - Status: 200 - Duration: 7ms
2025-05-18 13:39:14.029 +05:30 [INF] API GET /Movies - Status: 200 - Duration: 51ms
2025-05-18 13:58:08.932 +05:30 [INF] API GET /Movies - Status: 200 - Duration: 666ms
2025-05-18 13:59:02.492 +05:30 [INF] API GET /Movies - Status: 200 - Duration: 5ms
2025-05-18 13:59:51.374 +05:30 [INF] API GET /Movies - Status: 200 - Duration: 5ms
2025-05-18 14:00:04.073 +05:30 [INF] API GET /Movies - Status: 200 - Duration: 6ms
2025-05-18 14:00:38.966 +05:30 [INF] API GET /Users - Status: 401 - Duration: 0ms
2025-05-18 14:00:46.925 +05:30 [INF] API POST /Users/login - Status: 200 - Duration: 27ms
2025-05-18 14:00:47.481 +05:30 [INF] API GET /Movies - Status: 200 - Duration: 54ms
2025-05-18 14:01:38.912 +05:30 [INF] API GET /Movies - Status: 200 - Duration: 330ms
2025-05-18 14:01:42.857 +05:30 [INF] API GET /Movies - Status: 200 - Duration: 380ms
2025-05-18 14:01:48.287 +05:30 [INF] API GET /Movies - Status: 200 - Duration: 625ms
2025-05-18 14:01:52.578 +05:30 [INF] API GET /Users - Status: 401 - Duration: 0ms
2025-05-18 14:02:00.548 +05:30 [INF] API POST /Users/login - Status: 200 - Duration: 11ms
2025-05-18 14:02:00.886 +05:30 [INF] API GET /Movies - Status: 200 - Duration: 9ms
2025-05-18 14:02:04.685 +05:30 [INF] API GET /Users - Status: 401 - Duration: 0ms
2025-05-18 14:02:15.173 +05:30 [INF] API POST /Users/login - Status: 200 - Duration: 4ms
2025-05-18 14:02:15.467 +05:30 [INF] API GET /Movies - Status: 200 - Duration: 4ms
2025-05-18 14:06:50.035 +05:30 [INF] API GET /Movies - Status: 200 - Duration: 6ms
2025-05-18 14:08:41.728 +05:30 [INF] API GET /Movies - Status: 200 - Duration: 6ms
2025-05-18 14:08:54.739 +05:30 [INF] API GET /Movies - Status: 200 - Duration: 3ms
2025-05-18 14:10:17.047 +05:30 [INF] API GET /Movies - Status: 200 - Duration: 6ms
2025-05-18 14:10:37.488 +05:30 [INF] API GET /Users - Status: 401 - Duration: 0ms
2025-05-18 14:10:59.950 +05:30 [INF] API GET /Movies - Status: 200 - Duration: 3ms
2025-05-18 14:11:15.115 +05:30 [INF] API GET /Users - Status: 401 - Duration: 0ms
2025-05-18 14:11:28.678 +05:30 [INF] API POST /Users/login - Status: 200 - Duration: 22ms
2025-05-18 14:11:31.191 +05:30 [INF] API GET /Movies - Status: 200 - Duration: 13ms
2025-05-18 14:12:26.667 +05:30 [INF] API GET /Users - Status: 401 - Duration: 1ms
2025-05-18 14:14:02.585 +05:30 [INF] API GET /Users - Status: 403 - Duration: 3ms
2025-05-18 14:14:45.961 +05:30 [INF] API POST /Users/login - Status: 200 - Duration: 6ms
2025-05-18 14:15:16.253 +05:30 [INF] API GET /Users - Status: 200 - Duration: 12ms
2025-05-18 14:16:35.284 +05:30 [INF] API POST /Users/login - Status: 200 - Duration: 12ms
2025-05-18 14:16:35.924 +05:30 [INF] API GET /Movies - Status: 200 - Duration: 31ms
2025-05-18 14:17:18.690 +05:30 [INF] API GET /Users - Status: 401 - Duration: 0ms
2025-05-18 14:17:24.831 +05:30 [INF] API POST /Users/login - Status: 200 - Duration: 11ms
2025-05-18 14:17:25.349 +05:30 [INF] API GET /Movies - Status: 200 - Duration: 7ms
2025-05-18 14:17:49.255 +05:30 [INF] API GET /Users - Status: 401 - Duration: 0ms
2025-05-18 14:17:53.512 +05:30 [INF] API GET /Users - Status: 401 - Duration: 0ms
2025-05-18 14:18:25.360 +05:30 [INF] API POST /Users/register - Status: 201 - Duration: 108ms
2025-05-18 14:18:26.960 +05:30 [INF] API GET /Users - Status: 401 - Duration: 0ms
2025-05-18 14:18:38.962 +05:30 [INF] API POST /Users/login - Status: 200 - Duration: 5ms
2025-05-18 14:18:39.340 +05:30 [INF] API GET /Movies - Status: 200 - Duration: 28ms
2025-05-18 14:20:05.842 +05:30 [INF] API GET /Movies - Status: 200 - Duration: 44ms
2025-05-18 14:20:10.355 +05:30 [INF] API GET /Users - Status: 401 - Duration: 0ms
2025-05-18 14:20:15.450 +05:30 [INF] API POST /Users/login - Status: 200 - Duration: 60ms
2025-05-18 14:20:15.611 +05:30 [INF] API GET /Movies - Status: 200 - Duration: 20ms
2025-05-18 14:20:20.853 +05:30 [INF] API GET /Movies - Status: 200 - Duration: 380ms
2025-05-18 14:20:30.061 +05:30 [INF] API GET /Users - Status: 401 - Duration: 0ms
2025-05-18 14:34:46.217 +05:30 [INF] API GET /Movies - Status: 200 - Duration: 260ms
2025-05-18 14:37:11.296 +05:30 [INF] API GET /Movies - Status: 200 - Duration: 5ms
2025-05-18 14:37:24.939 +05:30 [INF] API GET /Movies - Status: 200 - Duration: 9ms
2025-05-18 14:37:34.013 +05:30 [INF] API GET /Movies - Status: 200 - Duration: 5ms
2025-05-18 14:38:31.526 +05:30 [INF] API GET /Movies - Status: 200 - Duration: 4ms
2025-05-18 14:39:57.093 +05:30 [INF] API GET /Movies - Status: 200 - Duration: 6ms
2025-05-18 14:40:04.817 +05:30 [INF] API GET /Movies - Status: 200 - Duration: 6ms
2025-05-18 14:40:37.706 +05:30 [INF] API GET /Movies - Status: 200 - Duration: 4ms
2025-05-18 14:41:02.198 +05:30 [INF] API GET /Users - Status: 401 - Duration: 0ms
2025-05-18 14:41:13.497 +05:30 [INF] API POST /Users/login - Status: 200 - Duration: 30ms
2025-05-18 14:44:46.452 +05:30 [INF] API GET /Users - Status: 401 - Duration: 0ms
2025-05-18 14:44:57.837 +05:30 [INF] API POST /Users/login - Status: 200 - Duration: 20ms
2025-05-18 14:46:23.039 +05:30 [INF] API GET /Users - Status: 401 - Duration: 0ms
2025-05-18 14:46:51.662 +05:30 [INF] API GET /Users - Status: 401 - Duration: 0ms
2025-05-18 14:46:59.330 +05:30 [INF] API GET /Users - Status: 401 - Duration: 0ms
2025-05-18 14:47:02.893 +05:30 [INF] API GET /Movies - Status: 200 - Duration: 12ms
2025-05-18 14:47:04.625 +05:30 [INF] API GET /Bookings/admin - Status: 401 - Duration: 5ms
2025-05-18 14:47:08.116 +05:30 [INF] API GET /Movies - Status: 200 - Duration: 9ms
2025-05-18 14:47:09.863 +05:30 [INF] API GET /Users - Status: 401 - Duration: 0ms
2025-05-18 14:47:20.417 +05:30 [INF] API POST /Users/login - Status: 200 - Duration: 13ms
2025-05-18 14:47:20.917 +05:30 [INF] API GET /Movies - Status: 200 - Duration: 55ms
2025-05-18 14:47:25.985 +05:30 [INF] API GET /Movies/100 - Status: 200 - Duration: 60ms
2025-05-18 14:47:26.028 +05:30 [INF] API GET /Shows/movie/100 - Status: 200 - Duration: 28ms
2025-05-18 14:47:31.822 +05:30 [INF] API POST /Bookings - Status: 401 - Duration: 0ms
2025-05-18 14:47:48.692 +05:30 [INF] API GET /Bookings/user/undefined - Status: 401 - Duration: 1ms
2025-05-18 14:48:14.889 +05:30 [INF] API GET /Bookings/user/undefined - Status: 401 - Duration: 0ms
2025-05-18 14:48:26.322 +05:30 [INF] API GET /Bookings/user/undefined - Status: 401 - Duration: 0ms
2025-05-18 14:49:25.081 +05:30 [INF] API GET /Movies - Status: 200 - Duration: 6ms
2025-05-18 14:49:40.280 +05:30 [INF] API GET /Movies - Status: 200 - Duration: 14ms
2025-05-18 14:49:56.311 +05:30 [INF] API GET /Movies - Status: 200 - Duration: 14ms
2025-05-18 14:56:15.230 +05:30 [INF] API GET /Movies - Status: 200 - Duration: 198ms
2025-05-18 14:56:19.612 +05:30 [INF] API GET /Users - Status: 401 - Duration: 0ms
2025-05-18 14:58:04.695 +05:30 [INF] API GET /Movies - Status: 200 - Duration: 19ms
2025-05-18 14:59:02.639 +05:30 [INF] API GET /Movies - Status: 200 - Duration: 6ms
2025-05-18 14:59:23.191 +05:30 [INF] API GET /Movies - Status: 200 - Duration: 449ms
2025-05-18 14:59:49.177 +05:30 [INF] API GET /Bookings/user/102 - Status: 200 - Duration: 91ms
2025-05-18 15:00:27.768 +05:30 [INF] API GET /Movies - Status: 200 - Duration: 14ms
2025-05-18 15:00:45.257 +05:30 [INF] API GET /Movies - Status: 200 - Duration: 28ms
2025-05-18 15:00:47.981 +05:30 [INF] API GET /Bookings/user/undefined - Status: 401 - Duration: 0ms
2025-05-18 15:01:02.511 +05:30 [INF] API GET /Bookings/user/undefined - Status: 401 - Duration: 0ms
2025-05-18 15:01:07.641 +05:30 [INF] API GET /Movies - Status: 200 - Duration: 13ms
2025-05-18 15:01:09.031 +05:30 [INF] API GET /Bookings/user/undefined - Status: 401 - Duration: 0ms
2025-05-18 15:01:59.016 +05:30 [INF] API GET /Bookings/user/undefined - Status: 401 - Duration: 0ms
2025-05-18 15:02:16.775 +05:30 [INF] API GET /Bookings/user/102 - Status: 401 - Duration: 0ms
2025-05-18 15:02:34.167 +05:30 [INF] API GET /Movies - Status: 200 - Duration: 11ms
2025-05-18 15:02:59.758 +05:30 [INF] API GET /Users - Status: 401 - Duration: 0ms
2025-05-18 15:03:08.040 +05:30 [INF] API GET /Movies - Status: 200 - Duration: 516ms
2025-05-18 15:03:23.540 +05:30 [INF] API GET /Users - Status: 401 - Duration: 0ms
2025-05-18 15:03:45.097 +05:30 [INF] API GET /Movies - Status: 200 - Duration: 384ms
2025-05-18 15:04:04.208 +05:30 [INF] API GET /Movies - Status: 200 - Duration: 27ms
2025-05-18 15:04:59.231 +05:30 [INF] API GET /Movies - Status: 200 - Duration: 380ms
2025-05-18 15:08:11.723 +05:30 [INF] API GET /Movies/active - Status: 200 - Duration: 252ms
2025-05-18 15:09:13.546 +05:30 [INF] API GET /Movies/active - Status: 200 - Duration: 6ms
2025-05-18 15:09:40.524 +05:30 [INF] API GET /Movies - Status: 200 - Duration: 31ms
2025-05-18 15:12:47.635 +05:30 [INF] API GET /Movies - Status: 200 - Duration: 5ms
2025-05-18 15:12:52.326 +05:30 [INF] API GET /Movies - Status: 200 - Duration: 4ms
2025-05-18 15:13:05.138 +05:30 [INF] API GET /Movies - Status: 200 - Duration: 5ms
2025-05-18 15:13:08.444 +05:30 [INF] API GET /Movies - Status: 200 - Duration: 6ms
2025-05-18 15:14:31.147 +05:30 [INF] API GET /Movies - Status: 200 - Duration: 31ms
2025-05-18 15:14:33.076 +05:30 [INF] API GET /Users - Status: 401 - Duration: 0ms
2025-05-18 15:14:39.064 +05:30 [INF] API POST /Users/login - Status: 200 - Duration: 24ms
2025-05-18 15:14:39.314 +05:30 [INF] API GET /Movies - Status: 200 - Duration: 48ms
2025-05-18 15:15:12.274 +05:30 [INF] API GET /Movies - Status: 200 - Duration: 183ms
2025-05-18 15:15:19.620 +05:30 [INF] API GET /Movies - Status: 200 - Duration: 372ms
2025-05-18 15:15:22.533 +05:30 [INF] API GET /Users - Status: 401 - Duration: 0ms
2025-05-18 15:15:28.763 +05:30 [INF] API POST /Users/login - Status: 200 - Duration: 7ms
2025-05-18 15:15:29.229 +05:30 [INF] API GET /Movies - Status: 200 - Duration: 14ms
2025-05-18 15:16:05.075 +05:30 [INF] API GET /Movies - Status: 200 - Duration: 5ms
2025-05-18 15:16:09.381 +05:30 [INF] API GET /Movies - Status: 200 - Duration: 3ms
2025-05-18 15:16:22.071 +05:30 [INF] API GET /Movies - Status: 200 - Duration: 5ms
2025-05-18 15:16:49.509 +05:30 [INF] API GET /Movies - Status: 200 - Duration: 7ms
2025-05-18 15:18:07.926 +05:30 [INF] API GET /Movies - Status: 200 - Duration: 5ms
2025-05-18 15:19:20.042 +05:30 [INF] API GET /Movies - Status: 200 - Duration: 5ms
2025-05-18 15:19:39.753 +05:30 [INF] API GET /Movies - Status: 200 - Duration: 5ms
2025-05-18 15:19:43.959 +05:30 [INF] API GET /Users - Status: 401 - Duration: 0ms
2025-05-18 15:19:48.852 +05:30 [INF] API POST /Users/login - Status: 200 - Duration: 12ms
2025-05-18 15:19:53.708 +05:30 [INF] API POST /Users/login - Status: 200 - Duration: 8ms
2025-05-18 15:19:56.049 +05:30 [INF] API GET /Movies - Status: 200 - Duration: 25ms
2025-05-18 15:20:10.397 +05:30 [INF] API GET /Movies - Status: 200 - Duration: 7ms
2025-05-18 15:20:12.828 +05:30 [INF] API GET /Movies/100 - Status: 200 - Duration: 13ms
2025-05-18 15:20:12.863 +05:30 [INF] API GET /Shows/movie/100 - Status: 200 - Duration: 27ms
2025-05-18 15:20:19.586 +05:30 [INF] API POST /Bookings - Status: 401 - Duration: 0ms
2025-05-18 15:20:40.929 +05:30 [INF] API POST /Bookings - Status: 401 - Duration: 0ms
2025-05-18 15:20:53.053 +05:30 [INF] API POST /Bookings - Status: 401 - Duration: 0ms
2025-05-18 15:23:41.572 +05:30 [INF] API POST /Bookings - Status: 201 - Duration: 91ms
2025-05-18 15:24:35.376 +05:30 [INF] API POST /Users/login - Status: 200 - Duration: 18ms
2025-05-18 15:25:10.647 +05:30 [INF] API POST /Bookings - Status: 201 - Duration: 41ms
2025-05-18 15:25:36.157 +05:30 [INF] API GET /Movies/100 - Status: 200 - Duration: 67ms
2025-05-18 15:25:36.234 +05:30 [INF] API GET /Shows/movie/100 - Status: 200 - Duration: 51ms
2025-05-18 15:25:44.452 +05:30 [INF] API POST /Bookings - Status: 401 - Duration: 0ms
2025-05-18 15:26:09.157 +05:30 [INF] API GET /Movies - Status: 200 - Duration: 7ms
2025-05-18 15:26:14.198 +05:30 [INF] API GET /Users - Status: 401 - Duration: 0ms
2025-05-18 15:26:19.644 +05:30 [INF] API POST /Users/login - Status: 200 - Duration: 8ms
2025-05-18 15:26:20.252 +05:30 [INF] API GET /Movies - Status: 200 - Duration: 57ms
2025-05-18 15:26:58.699 +05:30 [INF] API GET /Movies - Status: 200 - Duration: 4ms
2025-05-18 15:27:14.426 +05:30 [INF] API GET /Movies - Status: 200 - Duration: 7ms
2025-05-18 15:27:18.099 +05:30 [INF] API GET /Movies - Status: 200 - Duration: 365ms
2025-05-18 15:27:24.949 +05:30 [INF] API GET /Users - Status: 401 - Duration: 0ms
2025-05-18 15:27:30.404 +05:30 [INF] API POST /Users/login - Status: 200 - Duration: 8ms
2025-05-18 15:27:31.237 +05:30 [INF] API GET /Movies - Status: 200 - Duration: 11ms
2025-05-18 15:28:09.474 +05:30 [INF] API GET /Users - Status: 401 - Duration: 0ms
2025-05-18 15:28:29.468 +05:30 [INF] API POST /Users/login - Status: 200 - Duration: 5ms
2025-05-18 15:28:32.011 +05:30 [INF] API GET /Movies - Status: 200 - Duration: 35ms
2025-05-18 15:29:31.332 +05:30 [INF] API GET /Movies - Status: 200 - Duration: 4ms
2025-05-18 15:29:38.918 +05:30 [INF] API GET /Movies - Status: 200 - Duration: 5ms
2025-05-18 15:29:44.783 +05:30 [INF] API GET /Movies - Status: 200 - Duration: 4ms
2025-05-18 15:29:52.943 +05:30 [INF] API GET /Movies - Status: 200 - Duration: 67ms
2025-05-18 15:29:57.450 +05:30 [INF] API GET /Users - Status: 401 - Duration: 0ms
2025-05-18 15:30:07.079 +05:30 [INF] API POST /Users/login - Status: 200 - Duration: 6ms
2025-05-18 15:30:07.747 +05:30 [INF] API GET /Movies - Status: 200 - Duration: 51ms
2025-05-18 15:30:31.424 +05:30 [INF] API GET /Movies - Status: 200 - Duration: 7ms
2025-05-18 15:31:01.271 +05:30 [INF] API GET /Users - Status: 401 - Duration: 0ms
2025-05-18 15:31:09.697 +05:30 [INF] API POST /Users/login - Status: 200 - Duration: 11ms
2025-05-18 15:31:15.949 +05:30 [INF] API POST /Users/login - Status: 200 - Duration: 13ms
2025-05-18 15:31:17.845 +05:30 [INF] API GET /Movies - Status: 200 - Duration: 40ms
2025-05-18 15:34:09.484 +05:30 [INF] API GET /Movies - Status: 200 - Duration: 5ms
2025-05-18 15:34:14.518 +05:30 [INF] API GET /Movies - Status: 200 - Duration: 533ms
2025-05-18 15:34:19.939 +05:30 [INF] API GET /Users - Status: 401 - Duration: 0ms
2025-05-18 15:34:30.134 +05:30 [INF] API POST /Users/login - Status: 200 - Duration: 12ms
2025-05-18 15:34:31.789 +05:30 [INF] API GET /Movies - Status: 200 - Duration: 36ms
2025-05-18 15:35:21.423 +05:30 [INF] API GET /Movies - Status: 200 - Duration: 5ms
2025-05-18 15:35:37.746 +05:30 [INF] API GET /Movies - Status: 200 - Duration: 5ms
2025-05-18 15:35:58.328 +05:30 [INF] API GET /Movies - Status: 200 - Duration: 5ms
2025-05-18 15:36:14.290 +05:30 [INF] API GET /Movies - Status: 200 - Duration: 5ms
2025-05-18 15:36:58.610 +05:30 [INF] API GET /Movies/100 - Status: 200 - Duration: 16ms
2025-05-18 15:36:58.709 +05:30 [INF] API GET /Shows/movie/100 - Status: 200 - Duration: 60ms
2025-05-18 15:37:49.965 +05:30 [INF] API GET /Movies/100 - Status: 200 - Duration: 249ms
2025-05-18 15:37:51.696 +05:30 [INF] API GET /Shows/movie/100 - Status: 200 - Duration: 387ms
2025-05-18 15:37:56.151 +05:30 [INF] API GET /Movies/100 - Status: 200 - Duration: 267ms
2025-05-18 15:37:56.335 +05:30 [INF] API GET /Shows/movie/100 - Status: 200 - Duration: 155ms
2025-05-18 15:38:02.521 +05:30 [INF] API POST /Bookings - Status: 401 - Duration: 0ms
2025-05-18 15:38:30.721 +05:30 [INF] API POST /Bookings - Status: 401 - Duration: 0ms
2025-05-18 15:39:06.372 +05:30 [INF] API GET /Movies - Status: 200 - Duration: 38ms
2025-05-18 15:42:10.600 +05:30 [INF] API GET /Movies - Status: 200 - Duration: 18ms
2025-05-18 15:42:22.799 +05:30 [INF] API GET /Movies - Status: 200 - Duration: 7ms
2025-05-18 15:42:41.092 +05:30 [INF] API GET /Users - Status: 401 - Duration: 0ms
2025-05-18 15:42:50.359 +05:30 [INF] API GET /Movies - Status: 200 - Duration: 14ms
2025-05-18 15:43:12.105 +05:30 [INF] API GET /Movies - Status: 200 - Duration: 2ms
2025-05-18 15:43:13.588 +05:30 [INF] API GET /Movies - Status: 200 - Duration: 2ms
2025-05-18 15:43:20.529 +05:30 [INF] API GET /Movies - Status: 200 - Duration: 3ms
2025-05-18 15:43:31.352 +05:30 [INF] API GET /Users - Status: 401 - Duration: 0ms
2025-05-18 15:43:54.834 +05:30 [INF] API POST /Users/login - Status: 200 - Duration: 7ms
2025-05-18 15:43:55.683 +05:30 [INF] API GET /Movies - Status: 200 - Duration: 40ms
2025-05-18 15:44:01.160 +05:30 [INF] API GET /Users - Status: 401 - Duration: 0ms
2025-05-18 15:44:07.842 +05:30 [INF] API POST /Users/login - Status: 200 - Duration: 3ms
2025-05-18 15:44:08.225 +05:30 [INF] API GET /Movies - Status: 200 - Duration: 4ms
2025-05-18 15:44:10.712 +05:30 [INF] API GET /Movies/100 - Status: 200 - Duration: 6ms
2025-05-18 15:44:10.734 +05:30 [INF] API GET /Shows/movie/100 - Status: 200 - Duration: 10ms
2025-05-18 15:44:16.679 +05:30 [INF] API POST /Bookings - Status: 401 - Duration: 0ms
2025-05-18 15:45:46.819 +05:30 [INF] API GET /Users - Status: 401 - Duration: 0ms
2025-05-18 15:45:52.134 +05:30 [INF] API POST /Users/login - Status: 200 - Duration: 12ms
2025-05-18 15:45:52.480 +05:30 [INF] API GET /Movies - Status: 200 - Duration: 45ms
2025-05-18 15:48:23.908 +05:30 [INF] API GET /Movies - Status: 200 - Duration: 5ms
2025-05-18 15:48:56.468 +05:30 [INF] API GET /Movies - Status: 200 - Duration: 3ms
2025-05-18 15:49:25.220 +05:30 [INF] API GET /Movies - Status: 200 - Duration: 265ms
2025-05-18 15:49:31.707 +05:30 [INF] API GET /Movies - Status: 200 - Duration: 581ms
2025-05-18 15:49:37.694 +05:30 [INF] API GET /Users - Status: 401 - Duration: 0ms
2025-05-18 15:49:45.192 +05:30 [INF] API POST /Users/login - Status: 200 - Duration: 12ms
2025-05-18 15:49:45.501 +05:30 [INF] API GET /Movies - Status: 200 - Duration: 16ms
2025-05-18 15:49:51.854 +05:30 [INF] API GET /Movies - Status: 200 - Duration: 294ms
2025-05-18 15:52:32.306 +05:30 [INF] API GET /Movies - Status: 200 - Duration: 9ms
2025-05-18 15:52:35.906 +05:30 [INF] API GET /Movies - Status: 200 - Duration: 5ms
2025-05-18 15:52:49.407 +05:30 [INF] API GET /Movies - Status: 200 - Duration: 48ms
2025-05-18 15:53:07.754 +05:30 [INF] API GET /Movies - Status: 200 - Duration: 420ms
2025-05-18 15:53:29.945 +05:30 [INF] API GET /Movies - Status: 200 - Duration: 446ms
2025-05-18 15:53:36.735 +05:30 [INF] API GET /Movies - Status: 200 - Duration: 11ms
2025-05-18 15:53:53.683 +05:30 [INF] API GET /Movies - Status: 200 - Duration: 4ms
2025-05-18 15:53:59.008 +05:30 [INF] API GET /Movies - Status: 200 - Duration: 626ms
2025-05-18 15:54:10.447 +05:30 [INF] API GET /Users - Status: 401 - Duration: 0ms
2025-05-18 15:54:16.309 +05:30 [INF] API POST /Users/login - Status: 200 - Duration: 5ms
2025-05-18 15:54:16.602 +05:30 [INF] API GET /Movies - Status: 200 - Duration: 11ms
2025-05-18 15:55:52.327 +05:30 [INF] API GET /Movies - Status: 200 - Duration: 509ms
2025-05-18 15:55:55.890 +05:30 [INF] API GET /Users - Status: 401 - Duration: 0ms
2025-05-18 15:56:02.167 +05:30 [INF] API POST /Users/login - Status: 200 - Duration: 5ms
2025-05-18 15:56:08.945 +05:30 [INF] API POST /Users/login - Status: 200 - Duration: 11ms
2025-05-18 15:56:10.365 +05:30 [INF] API GET /Movies - Status: 200 - Duration: 29ms
2025-05-18 15:56:14.238 +05:30 [INF] API GET /Movies/100 - Status: 200 - Duration: 15ms
2025-05-18 15:56:14.281 +05:30 [INF] API GET /Shows/movie/100 - Status: 200 - Duration: 20ms
2025-05-18 15:56:22.427 +05:30 [INF] API POST /Bookings - Status: 401 - Duration: 0ms
2025-05-18 15:56:37.803 +05:30 [INF] API GET /Bookings/user/102 - Status: 401 - Duration: 0ms
2025-05-18 15:57:46.340 +05:30 [INF] API POST /Users/login - Status: 200 - Duration: 6ms
2025-05-18 15:58:10.610 +05:30 [INF] API GET /Bookings/admin - Status: 200 - Duration: 99ms
2025-05-18 15:58:25.704 +05:30 [INF] API GET /Users - Status: 200 - Duration: 5ms
2025-05-18 15:59:50.432 +05:30 [INF] API GET /Bookings/user/101 - Status: 200 - Duration: 17ms
2025-05-18 15:59:56.315 +05:30 [INF] API GET /Bookings/user/102 - Status: 200 - Duration: 6ms
2025-05-18 16:00:41.357 +05:30 [INF] API POST /Users/login - Status: 200 - Duration: 6ms
2025-05-18 16:01:02.479 +05:30 [INF] API GET /Bookings/admin - Status: 403 - Duration: 1ms
2025-05-18 16:01:09.128 +05:30 [INF] API GET /Bookings/user/102 - Status: 200 - Duration: 15ms
2025-05-18 16:01:19.815 +05:30 [INF] API GET /Movies - Status: 200 - Duration: 3ms
2025-05-18 16:04:29.274 +05:30 [INF] API GET /Movies - Status: 200 - Duration: 6ms
2025-05-18 16:04:30.734 +05:30 [INF] API GET /Users - Status: 401 - Duration: 0ms
2025-05-18 16:04:41.428 +05:30 [INF] API POST /Users/login - Status: 200 - Duration: 8ms
2025-05-18 16:04:42.303 +05:30 [INF] API GET /Users - Status: 401 - Duration: 0ms
2025-05-18 16:04:42.390 +05:30 [INF] API GET /Movies - Status: 200 - Duration: 23ms
2025-05-18 16:04:44.688 +05:30 [INF] API GET /Users - Status: 401 - Duration: 0ms
2025-05-18 16:04:47.332 +05:30 [INF] API GET /Bookings/admin - Status: 401 - Duration: 0ms
2025-05-18 16:05:17.500 +05:30 [INF] API GET /Movies - Status: 200 - Duration: 9ms
2025-05-18 16:05:19.738 +05:30 [INF] API GET /Users - Status: 401 - Duration: 0ms
2025-05-18 16:05:24.496 +05:30 [INF] API POST /Users/login - Status: 200 - Duration: 7ms
2025-05-18 16:05:24.800 +05:30 [INF] API GET /Movies - Status: 200 - Duration: 11ms
2025-05-18 16:06:21.062 +05:30 [INF] API GET /Movies - Status: 200 - Duration: 281ms
2025-05-18 16:06:25.462 +05:30 [INF] API GET /Users - Status: 401 - Duration: 0ms
2025-05-18 16:06:30.873 +05:30 [INF] API POST /Users/login - Status: 200 - Duration: 7ms
2025-05-18 16:06:31.302 +05:30 [INF] API GET /Movies - Status: 200 - Duration: 13ms
2025-05-18 16:07:00.197 +05:30 [INF] API GET /Bookings/admin - Status: 401 - Duration: 0ms
2025-05-18 16:07:25.436 +05:30 [INF] API GET /Bookings/admin - Status: 401 - Duration: 0ms
2025-05-18 16:07:29.782 +05:30 [INF] API GET /Movies - Status: 200 - Duration: 26ms
2025-05-18 16:07:33.586 +05:30 [INF] API GET /Users - Status: 401 - Duration: 0ms
2025-05-18 16:07:42.209 +05:30 [INF] API POST /Users/login - Status: 200 - Duration: 8ms
2025-05-18 16:07:43.871 +05:30 [INF] API GET /Movies - Status: 200 - Duration: 55ms
2025-05-18 16:08:21.289 +05:30 [INF] API GET /Movies - Status: 200 - Duration: 6ms
2025-05-18 16:08:27.033 +05:30 [INF] API GET /Movies - Status: 200 - Duration: 5ms
2025-05-18 16:08:31.177 +05:30 [INF] API GET /Users - Status: 401 - Duration: 0ms
2025-05-18 16:08:37.539 +05:30 [INF] API POST /Users/login - Status: 200 - Duration: 13ms
2025-05-18 16:08:37.973 +05:30 [INF] API GET /Movies - Status: 200 - Duration: 12ms
2025-05-18 16:09:47.341 +05:30 [INF] API GET /Movies - Status: 200 - Duration: 5ms
2025-05-18 16:10:02.237 +05:30 [INF] API GET /Movies - Status: 200 - Duration: 5ms
2025-05-18 16:10:03.819 +05:30 [INF] API GET /Users - Status: 401 - Duration: 0ms
2025-05-18 16:10:16.625 +05:30 [INF] API POST /Users/login - Status: 200 - Duration: 6ms
2025-05-18 16:10:17.012 +05:30 [INF] API GET /Movies - Status: 200 - Duration: 6ms
2025-05-18 16:11:08.161 +05:30 [INF] API GET /Movies - Status: 200 - Duration: 3ms
2025-05-18 16:11:56.966 +05:30 [INF] API GET /Movies - Status: 200 - Duration: 7ms
2025-05-18 16:12:01.200 +05:30 [INF] API GET /Movies - Status: 200 - Duration: 18ms
2025-05-18 16:12:18.169 +05:30 [INF] API GET /Movies - Status: 200 - Duration: 5ms
2025-05-18 16:13:39.942 +05:30 [INF] API GET /Movies - Status: 200 - Duration: 8ms
2025-05-18 16:13:43.316 +05:30 [INF] API GET /Users - Status: 401 - Duration: 0ms
2025-05-18 16:13:48.403 +05:30 [INF] API POST /Users/login - Status: 200 - Duration: 6ms
2025-05-18 16:13:48.702 +05:30 [INF] API GET /Movies - Status: 200 - Duration: 21ms
2025-05-18 16:14:10.652 +05:30 [INF] API GET /Users - Status: 401 - Duration: 0ms
2025-05-18 16:14:17.664 +05:30 [INF] API POST /Users/login - Status: 200 - Duration: 8ms
2025-05-18 16:14:18.099 +05:30 [INF] API GET /Movies - Status: 200 - Duration: 60ms
2025-05-18 16:14:57.804 +05:30 [INF] API GET /Movies - Status: 200 - Duration: 501ms
2025-05-18 16:15:02.256 +05:30 [INF] API GET /Movies - Status: 200 - Duration: 567ms
2025-05-18 16:15:07.525 +05:30 [INF] API GET /Movies - Status: 200 - Duration: 966ms
2025-05-18 16:15:12.350 +05:30 [INF] API GET /Movies - Status: 200 - Duration: 671ms
2025-05-18 16:16:12.038 +05:30 [INF] API GET /Users - Status: 401 - Duration: 0ms
2025-05-18 16:16:15.103 +05:30 [INF] API GET /Movies - Status: 200 - Duration: 5ms
2025-05-18 16:16:17.452 +05:30 [INF] API GET /Users - Status: 401 - Duration: 0ms
2025-05-18 16:16:24.179 +05:30 [INF] API POST /Users/login - Status: 200 - Duration: 8ms
2025-05-18 16:16:29.442 +05:30 [INF] API POST /Users/login - Status: 200 - Duration: 7ms
2025-05-18 16:16:30.835 +05:30 [INF] API GET /Movies - Status: 200 - Duration: 16ms
2025-05-18 16:16:42.621 +05:30 [INF] API GET /Bookings/user/102 - Status: 200 - Duration: 159ms
2025-05-18 16:16:44.347 +05:30 [INF] API GET /Movies - Status: 200 - Duration: 6ms
2025-05-18 16:16:45.502 +05:30 [INF] API GET /Movies/100 - Status: 200 - Duration: 13ms
2025-05-18 16:16:45.521 +05:30 [INF] API GET /Shows/movie/100 - Status: 200 - Duration: 8ms
2025-05-18 16:16:51.745 +05:30 [INF] API POST /Bookings - Status: 201 - Duration: 51ms
2025-05-18 16:16:53.211 +05:30 [INF] API GET /Bookings/user/102 - Status: 200 - Duration: 24ms
2025-05-18 16:17:21.415 +05:30 [INF] API GET /Movies - Status: 200 - Duration: 11ms
2025-05-18 16:17:25.051 +05:30 [INF] API GET /Movies/100 - Status: 200 - Duration: 6ms
2025-05-18 16:17:25.087 +05:30 [INF] API GET /Shows/movie/100 - Status: 200 - Duration: 24ms
2025-05-18 16:17:33.824 +05:30 [INF] API GET /Movies - Status: 200 - Duration: 4ms
2025-05-18 16:17:35.632 +05:30 [INF] API GET /Users - Status: 401 - Duration: 0ms
2025-05-18 16:17:48.531 +05:30 [INF] API POST /Users/login - Status: 200 - Duration: 8ms
2025-05-18 16:17:48.983 +05:30 [INF] API GET /Users - Status: 200 - Duration: 24ms
2025-05-18 16:17:49.044 +05:30 [INF] API GET /Movies - Status: 200 - Duration: 7ms
2025-05-18 16:17:51.254 +05:30 [INF] API GET /Movies/100 - Status: 200 - Duration: 15ms
2025-05-18 16:17:51.293 +05:30 [INF] API GET /Shows/movie/100 - Status: 200 - Duration: 17ms
2025-05-18 16:18:06.096 +05:30 [INF] API PUT /Movies/with-shows/100 - Status: 200 - Duration: 235ms
2025-05-18 16:18:06.162 +05:30 [INF] API POST /Shows - Status: 201 - Duration: 57ms
2025-05-18 16:18:06.177 +05:30 [INF] API GET /Movies - Status: 200 - Duration: 6ms
2025-05-18 16:18:39.682 +05:30 [INF] API POST /Movies/with-shows - Status: 200 - Duration: 39ms
2025-05-18 16:18:59.028 +05:30 [INF] API POST /Movies/with-shows - Status: 200 - Duration: 11ms
2025-05-18 16:19:27.058 +05:30 [INF] API POST /Movies/with-shows - Status: 201 - Duration: 122ms
2025-05-18 16:19:27.079 +05:30 [INF] API GET /Movies - Status: 200 - Duration: 5ms
2025-05-18 16:19:29.937 +05:30 [INF] API GET /Users - Status: 200 - Duration: 10ms
2025-05-18 16:19:32.376 +05:30 [INF] API GET /Bookings/admin - Status: 200 - Duration: 14ms
2025-05-18 16:19:34.705 +05:30 [INF] API GET /Users - Status: 200 - Duration: 5ms
2025-05-18 16:19:36.092 +05:30 [INF] API GET /Bookings/admin - Status: 200 - Duration: 12ms
2025-05-18 16:19:45.103 +05:30 [INF] API GET /Users - Status: 200 - Duration: 2ms
2025-05-18 16:48:53.629 +05:30 [INF] API GET /Movies - Status: 200 - Duration: 172ms
2025-05-18 16:49:01.041 +05:30 [INF] API GET /Users - Status: 401 - Duration: 0ms
2025-05-18 16:49:07.789 +05:30 [INF] API POST /Users/login - Status: 200 - Duration: 15ms
2025-05-18 16:49:08.742 +05:30 [INF] API GET /Movies - Status: 200 - Duration: 45ms
2025-05-18 16:49:11.199 +05:30 [INF] API GET /Movies/101 - Status: 200 - Duration: 6ms
2025-05-18 16:49:11.233 +05:30 [INF] API GET /Shows/movie/101 - Status: 200 - Duration: 25ms
2025-05-18 16:49:17.636 +05:30 [INF] API POST /Bookings - Status: 201 - Duration: 41ms
2025-05-18 16:49:18.910 +05:30 [INF] API GET /Bookings/user/102 - Status: 200 - Duration: 17ms
2025-05-18 16:50:58.382 +05:30 [INF] API GET /Users - Status: 401 - Duration: 0ms
2025-05-18 17:00:08.734 +05:30 [INF] API POST /Users/login - Status: 200 - Duration: 150ms
2025-05-18 17:00:09.300 +05:30 [INF] API GET /Movies - Status: 200 - Duration: 12ms
2025-05-18 17:00:40.787 +05:30 [INF] API GET /Users - Status: 401 - Duration: 0ms
2025-05-18 17:00:52.308 +05:30 [INF] API POST /Users/login - Status: 200 - Duration: 8ms
2025-05-18 17:00:52.824 +05:30 [INF] API GET /Users - Status: 200 - Duration: 82ms
2025-05-18 17:00:52.836 +05:30 [INF] API GET /Movies - Status: 200 - Duration: 13ms
2025-05-18 17:01:48.821 +05:30 [INF] API POST /Movies/with-shows - Status: 400 - Duration: 22ms
2025-05-18 17:03:36.728 +05:30 [INF] API POST /Movies/with-shows - Status: 201 - Duration: 88ms
2025-05-18 17:03:36.778 +05:30 [INF] API GET /Movies - Status: 200 - Duration: 12ms
2025-05-18 17:03:43.832 +05:30 [INF] API GET /Movies - Status: 200 - Duration: 7ms
2025-05-18 17:03:45.209 +05:30 [INF] API GET /Users - Status: 401 - Duration: 0ms
2025-05-18 17:03:48.535 +05:30 [INF] API GET /Movies - Status: 200 - Duration: 8ms
2025-05-18 17:07:33.072 +05:30 [INF] API GET /Movies - Status: 200 - Duration: 6ms
2025-05-18 17:07:42.626 +05:30 [INF] API GET /Movies - Status: 200 - Duration: 6ms
2025-05-18 17:07:47.751 +05:30 [INF] API GET /Movies - Status: 200 - Duration: 5ms
2025-05-18 17:07:50.035 +05:30 [INF] API GET /Movies - Status: 200 - Duration: 6ms
2025-05-18 17:07:56.492 +05:30 [INF] API GET /Movies - Status: 200 - Duration: 32ms
2025-05-18 17:07:59.675 +05:30 [INF] API GET /Users - Status: 401 - Duration: 0ms
2025-05-18 17:08:09.766 +05:30 [INF] API GET /Movies - Status: 200 - Duration: 4ms
2025-05-18 17:08:19.383 +05:30 [INF] API GET /Users - Status: 401 - Duration: 0ms
2025-05-18 17:08:25.418 +05:30 [INF] API POST /Users/login - Status: 200 - Duration: 13ms
2025-05-18 17:08:25.876 +05:30 [INF] API GET /Movies - Status: 200 - Duration: 7ms
2025-05-18 17:19:39.280 +05:30 [INF] API GET /Users - Status: 401 - Duration: 129ms
2025-05-18 17:19:56.235 +05:30 [INF] API GET /Users - Status: 401 - Duration: 9ms
2025-05-18 17:20:05.616 +05:30 [INF] API POST /Users/login - Status: 200 - Duration: 2136ms
2025-05-18 17:20:08.213 +05:30 [INF] API GET /Users - Status: 200 - Duration: 357ms
2025-05-18 17:20:08.282 +05:30 [INF] API GET /Movies - Status: 200 - Duration: 380ms
2025-05-18 17:21:01.400 +05:30 [INF] API POST /Movies/with-shows - Status: 400 - Duration: 144ms
2025-05-18 17:22:59.004 +05:30 [INF] API POST /Movies/with-shows - Status: 400 - Duration: 13ms
2025-05-18 17:23:22.383 +05:30 [INF] API POST /Movies/with-shows - Status: 200 - Duration: 105ms
2025-05-18 17:23:36.108 +05:30 [INF] API POST /Movies/with-shows - Status: 200 - Duration: 18ms
2025-05-18 17:23:58.986 +05:30 [INF] API POST /Movies/with-shows - Status: 201 - Duration: 598ms
2025-05-18 17:23:59.003 +05:30 [INF] API GET /Movies - Status: 200 - Duration: 7ms
2025-05-18 17:24:03.104 +05:30 [INF] API GET /Movies - Status: 200 - Duration: 13ms
2025-05-18 17:24:04.618 +05:30 [INF] API GET /Users - Status: 401 - Duration: 0ms
2025-05-18 17:24:07.298 +05:30 [INF] API GET /Movies - Status: 200 - Duration: 11ms
